<?xml version="1.0" encoding="UTF-8"?>
<!-- Generated by org.testng.reporters.JUnitXMLReporter -->
<testsuite ignored="0" hostname="LAPTOP-E8N8268I" failures="0" tests="10" name="Surefire test" time="8.35" errors="0" timestamp="2025-07-22T18:25:05 BST">
  <testcase classname="api.test.DataDrivenTests" name="testPostUser" time="2.77"/>
  <testcase classname="api.test.DataDrivenTests" name="testPostUser" time="0.467"/>
  <testcase classname="api.test.DataDrivenTests" name="testPostUser" time="0.462"/>
  <testcase classname="api.test.DataDrivenTests" name="testDeleteUser" time="0.495"/>
  <testcase classname="api.test.DataDrivenTests" name="testDeleteUser" time="0.434"/>
  <testcase classname="api.test.DataDrivenTests" name="testDeleteUser" time="0.45"/>
  <testcase classname="api.test.UserTests" name="testPostUser" time="0.502"/>
  <testcase classname="api.test.UserTests" name="testGetUser" time="0.454"/>
  <testcase classname="api.test.UserTests" name="testUpdateUser" time="0.444"/>
  <testcase classname="api.test.UserTests" name="testDeleteUser" time="0.439"/>
</testsuite> <!-- Surefire test -->
