<?xml version="1.0" encoding="UTF-8"?>
<!-- Generated by org.testng.reporters.JUnitXMLReporter -->
<testsuite ignored="0" hostname="LAPTOP-E8N8268I" failures="0" tests="4" name="Default test" time="7.661" errors="0" timestamp="2025-07-22T21:58:39 BST">
  <testcase classname="api.test.UserTests" name="testPostUser" time="4.173"/>
  <testcase classname="api.test.UserTests" name="testGetUser" time="0.478"/>
  <testcase classname="api.test.UserTests" name="testUpdateUser" time="0.483"/>
  <testcase classname="api.test.UserTests" name="testDeleteUser" time="0.457"/>
</testsuite> <!-- Default test -->
