<?xml version="1.0" encoding="UTF-8"?>
<!-- Generated by org.testng.reporters.JUnitXMLReporter -->
<testsuite ignored="0" hostname="LAPTOP-E8N8268I" failures="0" tests="4" name="Default test" time="4.001" errors="0" timestamp="2025-07-22T10:49:28 BST">
  <testcase classname="api.test.UserTests" name="testPostUser" time="2.328"/>
  <testcase classname="api.test.UserTests" name="testGetUser" time="0.482"/>
  <testcase classname="api.test.UserTests" name="testUpdateUser" time="0.47"/>
  <testcase classname="api.test.UserTests" name="testDeleteUser" time="0.458"/>
</testsuite> <!-- Default test -->
