<?xml version="1.0" encoding="UTF-8"?>
<!-- Generated by org.testng.reporters.JUnitXMLReporter -->
<testsuite ignored="0" hostname="LAPTOP-E8N8268I" failures="0" tests="4" name="PetTests" time="4.487" errors="0" timestamp="2025-07-22T17:30:18 BST">
  <testcase classname="api.test.UserTests" name="testPostUser" time="2.314"/>
  <testcase classname="api.test.UserTests" name="testGetUser" time="0.494"/>
  <testcase classname="api.test.UserTests" name="testUpdateUser" time="0.461"/>
  <testcase classname="api.test.UserTests" name="testDeleteUser" time="0.45"/>
</testsuite> <!-- PetTests -->
