<?xml version="1.0" encoding="UTF-8"?>
<testng-results ignored="0" total="10" passed="10" failed="0" skipped="0">
  <reporter-output>
  </reporter-output>
  <suite started-at="2025-07-22T18:24:57 BST" name="Surefire suite" finished-at="2025-07-22T18:25:05 BST" duration-ms="8350">
    <groups>
    </groups>
    <test started-at="2025-07-22T18:24:57 BST" name="Surefire test" finished-at="2025-07-22T18:25:05 BST" duration-ms="8350">
      <class name="api.test.DataDrivenTests">
        <test-method signature="testPostUser(java.lang.String,java.lang.String,java.lang.String,java.lang.String,java.lang.String,java.lang.String,java.lang.String)[pri:1, instance:api.test.DataDrivenTests@5e316c74]" started-at="2025-07-22T18:24:58 BST" name="testPostUser" data-provider="AllUserData" finished-at="2025-07-22T18:25:01 BST" duration-ms="2770" status="PASS">
          <params>
            <param index="0">
              <value>
                <![CDATA[101]]>
              </value>
            </param>
            <param index="1">
              <value>
                <![CDATA[jdoe]]>
              </value>
            </param>
            <param index="2">
              <value>
                <![CDATA[John]]>
              </value>
            </param>
            <param index="3">
              <value>
                <![CDATA[Doe]]>
              </value>
            </param>
            <param index="4">
              <value>
                <![CDATA[jdoe@example.com]]>
              </value>
            </param>
            <param index="5">
              <value>
                <![CDATA[pass123]]>
              </value>
            </param>
            <param index="6">
              <value>
                <![CDATA[123-456-7890]]>
              </value>
            </param>
          </params>
          <reporter-output>
          </reporter-output>
        </test-method> <!-- testPostUser -->
        <test-method signature="testPostUser(java.lang.String,java.lang.String,java.lang.String,java.lang.String,java.lang.String,java.lang.String,java.lang.String)[pri:1, instance:api.test.DataDrivenTests@5e316c74]" started-at="2025-07-22T18:25:01 BST" name="testPostUser" data-provider="AllUserData" finished-at="2025-07-22T18:25:01 BST" duration-ms="467" status="PASS">
          <params>
            <param index="0">
              <value>
                <![CDATA[102]]>
              </value>
            </param>
            <param index="1">
              <value>
                <![CDATA[asmith]]>
              </value>
            </param>
            <param index="2">
              <value>
                <![CDATA[Anna]]>
              </value>
            </param>
            <param index="3">
              <value>
                <![CDATA[Smith]]>
              </value>
            </param>
            <param index="4">
              <value>
                <![CDATA[asmith@example.com]]>
              </value>
            </param>
            <param index="5">
              <value>
                <![CDATA[qwerty]]>
              </value>
            </param>
            <param index="6">
              <value>
                <![CDATA[234-567-8901]]>
              </value>
            </param>
          </params>
          <reporter-output>
          </reporter-output>
        </test-method> <!-- testPostUser -->
        <test-method signature="testPostUser(java.lang.String,java.lang.String,java.lang.String,java.lang.String,java.lang.String,java.lang.String,java.lang.String)[pri:1, instance:api.test.DataDrivenTests@5e316c74]" started-at="2025-07-22T18:25:01 BST" name="testPostUser" data-provider="AllUserData" finished-at="2025-07-22T18:25:02 BST" duration-ms="462" status="PASS">
          <params>
            <param index="0">
              <value>
                <![CDATA[103]]>
              </value>
            </param>
            <param index="1">
              <value>
                <![CDATA[bjones]]>
              </value>
            </param>
            <param index="2">
              <value>
                <![CDATA[Bob]]>
              </value>
            </param>
            <param index="3">
              <value>
                <![CDATA[Jones]]>
              </value>
            </param>
            <param index="4">
              <value>
                <![CDATA[bjones@example.com]]>
              </value>
            </param>
            <param index="5">
              <value>
                <![CDATA[abc123]]>
              </value>
            </param>
            <param index="6">
              <value>
                <![CDATA[345-678-9012]]>
              </value>
            </param>
          </params>
          <reporter-output>
          </reporter-output>
        </test-method> <!-- testPostUser -->
        <test-method signature="testDeleteUser(java.lang.String)[pri:2, instance:api.test.DataDrivenTests@5e316c74]" started-at="2025-07-22T18:25:02 BST" name="testDeleteUser" data-provider="UserNamesOnly" finished-at="2025-07-22T18:25:02 BST" depends-on-methods="api.test.DataDrivenTests.testPostUser" duration-ms="495" status="PASS">
          <params>
            <param index="0">
              <value>
                <![CDATA[jdoe]]>
              </value>
            </param>
          </params>
          <reporter-output>
          </reporter-output>
        </test-method> <!-- testDeleteUser -->
        <test-method signature="testDeleteUser(java.lang.String)[pri:2, instance:api.test.DataDrivenTests@5e316c74]" started-at="2025-07-22T18:25:02 BST" name="testDeleteUser" data-provider="UserNamesOnly" finished-at="2025-07-22T18:25:03 BST" depends-on-methods="api.test.DataDrivenTests.testPostUser" duration-ms="434" status="PASS">
          <params>
            <param index="0">
              <value>
                <![CDATA[asmith]]>
              </value>
            </param>
          </params>
          <reporter-output>
          </reporter-output>
        </test-method> <!-- testDeleteUser -->
        <test-method signature="testDeleteUser(java.lang.String)[pri:2, instance:api.test.DataDrivenTests@5e316c74]" started-at="2025-07-22T18:25:03 BST" name="testDeleteUser" data-provider="UserNamesOnly" finished-at="2025-07-22T18:25:03 BST" depends-on-methods="api.test.DataDrivenTests.testPostUser" duration-ms="450" status="PASS">
          <params>
            <param index="0">
              <value>
                <![CDATA[bjones]]>
              </value>
            </param>
          </params>
          <reporter-output>
          </reporter-output>
        </test-method> <!-- testDeleteUser -->
      </class> <!-- api.test.DataDrivenTests -->
      <class name="api.test.UserTests">
        <test-method is-config="true" signature="setupData()[pri:0, instance:api.test.UserTests@49d904ec]" started-at="2025-07-22T18:25:03 BST" name="setupData" finished-at="2025-07-22T18:25:03 BST" duration-ms="211" status="PASS">
          <reporter-output>
          </reporter-output>
        </test-method> <!-- setupData -->
        <test-method signature="testPostUser()[pri:1, instance:api.test.UserTests@49d904ec]" started-at="2025-07-22T18:25:03 BST" name="testPostUser" finished-at="2025-07-22T18:25:04 BST" duration-ms="502" status="PASS">
          <reporter-output>
          </reporter-output>
        </test-method> <!-- testPostUser -->
        <test-method signature="testGetUser()[pri:2, instance:api.test.UserTests@49d904ec]" started-at="2025-07-22T18:25:04 BST" name="testGetUser" finished-at="2025-07-22T18:25:04 BST" duration-ms="454" status="PASS">
          <reporter-output>
          </reporter-output>
        </test-method> <!-- testGetUser -->
        <test-method signature="testUpdateUser()[pri:3, instance:api.test.UserTests@49d904ec]" started-at="2025-07-22T18:25:04 BST" name="testUpdateUser" finished-at="2025-07-22T18:25:05 BST" duration-ms="444" status="PASS">
          <reporter-output>
          </reporter-output>
        </test-method> <!-- testUpdateUser -->
        <test-method signature="testDeleteUser()[pri:4, instance:api.test.UserTests@49d904ec]" started-at="2025-07-22T18:25:05 BST" name="testDeleteUser" finished-at="2025-07-22T18:25:05 BST" duration-ms="439" status="PASS">
          <reporter-output>
          </reporter-output>
        </test-method> <!-- testDeleteUser -->
      </class> <!-- api.test.UserTests -->
    </test> <!-- Surefire test -->
  </suite> <!-- Surefire suite -->
</testng-results>
