<?xml version="1.0" encoding="UTF-8"?>
<testng-results ignored="0" total="4" passed="4" failed="0" skipped="0">
  <reporter-output>
  </reporter-output>
  <suite started-at="2025-07-22T21:41:18 BST" name="Default suite" finished-at="2025-07-22T21:41:27 BST" duration-ms="9105">
    <groups>
    </groups>
    <test started-at="2025-07-22T21:41:18 BST" name="Default test" finished-at="2025-07-22T21:41:27 BST" duration-ms="9105">
      <class name="api.test.UserTests">
        <test-method is-config="true" signature="setupData()[pri:0, instance:api.test.UserTests@14cd1699]" started-at="2025-07-22T21:41:18 BST" name="setupData" finished-at="2025-07-22T21:41:19 BST" duration-ms="1015" status="PASS">
          <reporter-output>
          </reporter-output>
        </test-method> <!-- setupData -->
        <test-method signature="testPostUser()[pri:1, instance:api.test.UserTests@14cd1699]" started-at="2025-07-22T21:41:19 BST" name="testPostUser" finished-at="2025-07-22T21:41:23 BST" duration-ms="4033" status="PASS">
          <reporter-output>
          </reporter-output>
        </test-method> <!-- testPostUser -->
        <test-method signature="testGetUser()[pri:2, instance:api.test.UserTests@14cd1699]" started-at="2025-07-22T21:41:23 BST" name="testGetUser" finished-at="2025-07-22T21:41:25 BST" duration-ms="1276" status="PASS">
          <reporter-output>
          </reporter-output>
        </test-method> <!-- testGetUser -->
        <test-method signature="testUpdateUser()[pri:3, instance:api.test.UserTests@14cd1699]" started-at="2025-07-22T21:41:25 BST" name="testUpdateUser" finished-at="2025-07-22T21:41:26 BST" duration-ms="1369" status="PASS">
          <reporter-output>
          </reporter-output>
        </test-method> <!-- testUpdateUser -->
        <test-method signature="testDeleteUser()[pri:4, instance:api.test.UserTests@14cd1699]" started-at="2025-07-22T21:41:26 BST" name="testDeleteUser" finished-at="2025-07-22T21:41:27 BST" duration-ms="1324" status="PASS">
          <reporter-output>
          </reporter-output>
        </test-method> <!-- testDeleteUser -->
      </class> <!-- api.test.UserTests -->
    </test> <!-- Default test -->
  </suite> <!-- Default suite -->
</testng-results>
