<?xml version="1.0" encoding="UTF-8"?>
<testng-results ignored="0" total="4" passed="4" failed="0" skipped="0">
  <reporter-output>
  </reporter-output>
  <suite started-at="2025-07-22T21:58:31 BST" name="Default suite" finished-at="2025-07-22T21:58:38 BST" duration-ms="7661">
    <groups>
    </groups>
    <test started-at="2025-07-22T21:58:31 BST" name="Default test" finished-at="2025-07-22T21:58:38 BST" duration-ms="7661">
      <class name="api.test.UserTests">
        <test-method is-config="true" signature="setupData()[pri:0, instance:api.test.UserTests@73a1e9a9]" started-at="2025-07-22T21:58:31 BST" name="setupData" finished-at="2025-07-22T21:58:33 BST" duration-ms="1924" status="PASS">
          <reporter-output>
          </reporter-output>
        </test-method> <!-- setupData -->
        <test-method signature="testPostUser()[pri:1, instance:api.test.UserTests@73a1e9a9]" started-at="2025-07-22T21:58:33 BST" name="testPostUser" finished-at="2025-07-22T21:58:37 BST" duration-ms="4173" status="PASS">
          <reporter-output>
          </reporter-output>
        </test-method> <!-- testPostUser -->
        <test-method signature="testGetUser()[pri:2, instance:api.test.UserTests@73a1e9a9]" started-at="2025-07-22T21:58:37 BST" name="testGetUser" finished-at="2025-07-22T21:58:38 BST" duration-ms="478" status="PASS">
          <reporter-output>
          </reporter-output>
        </test-method> <!-- testGetUser -->
        <test-method signature="testUpdateUser()[pri:3, instance:api.test.UserTests@73a1e9a9]" started-at="2025-07-22T21:58:38 BST" name="testUpdateUser" finished-at="2025-07-22T21:58:38 BST" duration-ms="483" status="PASS">
          <reporter-output>
          </reporter-output>
        </test-method> <!-- testUpdateUser -->
        <test-method signature="testDeleteUser()[pri:4, instance:api.test.UserTests@73a1e9a9]" started-at="2025-07-22T21:58:38 BST" name="testDeleteUser" finished-at="2025-07-22T21:58:38 BST" duration-ms="457" status="PASS">
          <reporter-output>
          </reporter-output>
        </test-method> <!-- testDeleteUser -->
      </class> <!-- api.test.UserTests -->
    </test> <!-- Default test -->
  </suite> <!-- Default suite -->
</testng-results>
